<?xml version="1.0" encoding="UTF-8"?>
<!-- Generated by org.testng.reporters.JUnitReportReporter -->
<testsuite name="Test2.Test2" tests="1" time="16.609" ignored="0" failures="0" timestamp="09 фев 2020 17:22:38 GMT" skipped="0" hostname="DESKTOP-FA26077" errors="0">
  <testcase name="mainTest" time="16.609" classname="Test2.Test2"/>
</testsuite> <!-- Test2.Test2 -->
