<?xml version="1.0" encoding="UTF-8"?>
<!-- Generated by org.testng.reporters.JUnitReportReporter -->
<testsuite name="Test1.Test1" tests="1" time="49.311" ignored="0" failures="0" timestamp="09 фев 2020 17:22:37 GMT" skipped="0" hostname="DESKTOP-FA26077" errors="0">
  <testcase name="mainTest" time="49.311" classname="Test1.Test1"/>
</testsuite> <!-- Test1.Test1 -->
